0 info it worked if it ends with ok
1 verbose cli [ 'C:\\Program Files (x86)\\nodejs\\node.exe',
1 verbose cli   'C:\\Users\\xin.zhang\\AppData\\Roaming\\npm\\node_modules\\npm\\bin\\npm-cli.js',
1 verbose cli   'start' ]
2 info using npm@3.8.2
3 info using node@v5.5.0
4 verbose run-script [ 'prestart', 'start', 'poststart' ]
5 info lifecycle react-xin-todo@1.0.0~prestart: react-xin-todo@1.0.0
6 silly lifecycle react-xin-todo@1.0.0~prestart: no script for prestart, continuing
7 info lifecycle react-xin-todo@1.0.0~start: react-xin-todo@1.0.0
8 verbose lifecycle react-xin-todo@1.0.0~start: unsafe-perm in lifecycle true
9 verbose lifecycle react-xin-todo@1.0.0~start: PATH: C:\Users\xin.zhang\AppData\Roaming\npm\node_modules\npm\bin\node-gyp-bin;C:\Projects2012\react-xin-todo\node_modules\.bin;C:\Program Files (x86)\nodejs;C:\Program Files (x86)\Intel\iCLS Client\;C:\Program Files\Intel\iCLS Client\;C:\windows\system32;C:\windows;C:\windows\System32\Wbem;C:\Program Files (x86)\Microsoft ASP.NET\ASP.NET Web Pages\v1.0\;C:\Program Files\Microsoft SQL Server\110\Tools\Binn\;C:\Program Files\Intel\Intel(R) Management Engine Components\DAL;C:\Program Files\Intel\Intel(R) Management Engine Components\IPT;C:\Program Files (x86)\Intel\Intel(R) Management Engine Components\DAL;C:\Program Files (x86)\Intel\Intel(R) Management Engine Components\IPT;C:\Program Files (x86)\Microsoft SQL Server\100\Tools\Binn\;C:\Program Files\Microsoft SQL Server\100\Tools\Binn\;C:\Program Files\Microsoft SQL Server\100\DTS\Binn\;C:\windows\System32\WindowsPowerShell\v1.0\;C:\Program Files\Microsoft SQL Server\110\DTS\Binn\;C:\Program Files (x86)\Microsoft SQL Server\110\Tools\Binn\;C:\Program Files (x86)\Microsoft SQL Server\110\Tools\Binn\ManagementStudio\;C:\Program Files (x86)\Microsoft Visual Studio 10.0\Common7\IDE\PrivateAssemblies\;C:\Program Files (x86)\Microsoft SQL Server\110\DTS\Binn\;C:\Program Files\Microsoft\Web Platform Installer\;C:\Program Files (x86)\GtkSharp\2.12\bin;C:\Program Files (x86)\Microsoft SDKs\TypeScript\1.0\;C:\Program Files\Microsoft SQL Server\120\Tools\Binn\;C:\windows\System32\WindowsPowerShell\v1.0\;C:\windows\System32\WindowsPowerShell\v1.0\;C:\Users\xin.zhang\.dnx\bin;C:\Program Files\Microsoft DNX\Dnvm\;C:\Program Files (x86)\Windows Kits\10\Windows Performance Toolkit\;C:\Program Files (x86)\nodejs\;C:\Program Files\OpenVPN\bin;C:\Users\xin.zhang\.dnx\bin;.bin;C:\Program Files\nodejs;"C:\Program Files\MongoDB\Server\3.0\bin";"C:\Program Files\Java\jre1.8.0_71\bin";C:\Users\xin.zhang\AppData\Roaming\npm;C:\Program Files (x86)\Git\bin
10 verbose lifecycle react-xin-todo@1.0.0~start: CWD: C:\Projects2012\react-xin-todo
11 silly lifecycle react-xin-todo@1.0.0~start: Args: [ '/d /s /c', 'npm run build && npm run express' ]
12 silly lifecycle react-xin-todo@1.0.0~start: Returned: code: 1  signal: null
13 info lifecycle react-xin-todo@1.0.0~start: Failed to exec start script
14 verbose stack Error: react-xin-todo@1.0.0 start: `npm run build && npm run express`
14 verbose stack Exit status 1
14 verbose stack     at EventEmitter.<anonymous> (C:\Users\xin.zhang\AppData\Roaming\npm\node_modules\npm\lib\utils\lifecycle.js:239:16)
14 verbose stack     at emitTwo (events.js:100:13)
14 verbose stack     at EventEmitter.emit (events.js:185:7)
14 verbose stack     at ChildProcess.<anonymous> (C:\Users\xin.zhang\AppData\Roaming\npm\node_modules\npm\lib\utils\spawn.js:24:14)
14 verbose stack     at emitTwo (events.js:100:13)
14 verbose stack     at ChildProcess.emit (events.js:185:7)
14 verbose stack     at maybeClose (internal/child_process.js:821:16)
14 verbose stack     at Process.ChildProcess._handle.onexit (internal/child_process.js:211:5)
15 verbose pkgid react-xin-todo@1.0.0
16 verbose cwd C:\Projects2012\react-xin-todo
17 error Windows_NT 6.1.7601
18 error argv "C:\\Program Files (x86)\\nodejs\\node.exe" "C:\\Users\\xin.zhang\\AppData\\Roaming\\npm\\node_modules\\npm\\bin\\npm-cli.js" "start"
19 error node v5.5.0
20 error npm  v3.8.2
21 error code ELIFECYCLE
22 error react-xin-todo@1.0.0 start: `npm run build && npm run express`
22 error Exit status 1
23 error Failed at the react-xin-todo@1.0.0 start script 'npm run build && npm run express'.
23 error Make sure you have the latest version of node.js and npm installed.
23 error If you do, this is most likely a problem with the react-xin-todo package,
23 error not with npm itself.
23 error Tell the author that this fails on your system:
23 error     npm run build && npm run express
23 error You can get information on how to open an issue for this project with:
23 error     npm bugs react-xin-todo
23 error Or if that isn't available, you can get their info via:
23 error     npm owner ls react-xin-todo
23 error There is likely additional logging output above.
24 verbose exit [ 1, true ]
